Determining if the pthread_create exist failed with the following output:
Change Dir: /home/ubuntu/src/caffe2/build/CMakeFiles/CMakeTmp

Run Build Command:"/home/ubuntu/anaconda3/envs/caffe2_p27/bin/make" "cmTC_2720b/fast"
/home/ubuntu/anaconda3/envs/caffe2_p27/bin/make -f CMakeFiles/cmTC_2720b.dir/build.make CMakeFiles/cmTC_2720b.dir/build
make[1]: Entering directory '/home/ubuntu/src/caffe2/build/CMakeFiles/CMakeTmp'
Building C object CMakeFiles/cmTC_2720b.dir/CheckSymbolExists.c.o
/home/ubuntu/anaconda3/envs/caffe2_p27/bin/cc    -o CMakeFiles/cmTC_2720b.dir/CheckSymbolExists.c.o   -c /home/ubuntu/src/caffe2/build/CMakeFiles/CMakeTmp/CheckSymbolExists.c
Linking C executable cmTC_2720b
/home/ubuntu/anaconda3/envs/caffe2_p27/bin/cmake -E cmake_link_script CMakeFiles/cmTC_2720b.dir/link.txt --verbose=1
/home/ubuntu/anaconda3/envs/caffe2_p27/bin/cc      -rdynamic CMakeFiles/cmTC_2720b.dir/CheckSymbolExists.c.o  -o cmTC_2720b 
CMakeFiles/cmTC_2720b.dir/CheckSymbolExists.c.o: In function `main':
CheckSymbolExists.c:(.text+0x16): undefined reference to `pthread_create'
collect2: error: ld returned 1 exit status
make[1]: *** [CMakeFiles/cmTC_2720b.dir/build.make:98: cmTC_2720b] Error 1
make[1]: Leaving directory '/home/ubuntu/src/caffe2/build/CMakeFiles/CMakeTmp'
make: *** [Makefile:126: cmTC_2720b/fast] Error 2

File /home/ubuntu/src/caffe2/build/CMakeFiles/CMakeTmp/CheckSymbolExists.c:
/* */
#include <pthread.h>

int main(int argc, char** argv)
{
  (void)argv;
#ifndef pthread_create
  return ((int*)(&pthread_create))[argc];
#else
  (void)argc;
  return 0;
#endif
}

Determining if the function pthread_create exists in the pthreads failed with the following output:
Change Dir: /home/ubuntu/src/caffe2/build/CMakeFiles/CMakeTmp

Run Build Command:"/home/ubuntu/anaconda3/envs/caffe2_p27/bin/make" "cmTC_6278d/fast"
/home/ubuntu/anaconda3/envs/caffe2_p27/bin/make -f CMakeFiles/cmTC_6278d.dir/build.make CMakeFiles/cmTC_6278d.dir/build
make[1]: Entering directory '/home/ubuntu/src/caffe2/build/CMakeFiles/CMakeTmp'
Building C object CMakeFiles/cmTC_6278d.dir/CheckFunctionExists.c.o
/home/ubuntu/anaconda3/envs/caffe2_p27/bin/cc   -DCHECK_FUNCTION_EXISTS=pthread_create   -o CMakeFiles/cmTC_6278d.dir/CheckFunctionExists.c.o   -c /home/ubuntu/anaconda3/envs/caffe2_p27/share/cmake-3.9/Modules/CheckFunctionExists.c
Linking C executable cmTC_6278d
/home/ubuntu/anaconda3/envs/caffe2_p27/bin/cmake -E cmake_link_script CMakeFiles/cmTC_6278d.dir/link.txt --verbose=1
/home/ubuntu/anaconda3/envs/caffe2_p27/bin/cc  -DCHECK_FUNCTION_EXISTS=pthread_create    -rdynamic CMakeFiles/cmTC_6278d.dir/CheckFunctionExists.c.o  -o cmTC_6278d -lpthreads 
/usr/bin/ld: cannot find -lpthreads
collect2: error: ld returned 1 exit status
make[1]: *** [CMakeFiles/cmTC_6278d.dir/build.make:98: cmTC_6278d] Error 1
make[1]: Leaving directory '/home/ubuntu/src/caffe2/build/CMakeFiles/CMakeTmp'
make: *** [Makefile:126: cmTC_6278d/fast] Error 2


Performing C++ SOURCE FILE Test HAVE_CXX_FLAG_WSHORTEN_64_TO_32 failed with the following output:
Change Dir: /home/ubuntu/src/caffe2/build/CMakeFiles/CMakeTmp

Run Build Command:"/home/ubuntu/anaconda3/envs/caffe2_p27/bin/make" "cmTC_96370/fast"
/home/ubuntu/anaconda3/envs/caffe2_p27/bin/make -f CMakeFiles/cmTC_96370.dir/build.make CMakeFiles/cmTC_96370.dir/build
make[1]: Entering directory '/home/ubuntu/src/caffe2/build/CMakeFiles/CMakeTmp'
Building CXX object CMakeFiles/cmTC_96370.dir/src.cxx.o
/home/ubuntu/anaconda3/envs/caffe2_p27/bin/c++    -std=c++11  -Wall  -Wextra  -Wshadow  -pedantic  -pedantic-errors -DHAVE_CXX_FLAG_WSHORTEN_64_TO_32  -Wshorten-64-to-32   -Wshorten-64-to-32 -o CMakeFiles/cmTC_96370.dir/src.cxx.o -c /home/ubuntu/src/caffe2/build/CMakeFiles/CMakeTmp/src.cxx
c++: error: unrecognized command line option '-Wshorten-64-to-32'
c++: error: unrecognized command line option '-Wshorten-64-to-32'
make[1]: *** [CMakeFiles/cmTC_96370.dir/build.make:66: CMakeFiles/cmTC_96370.dir/src.cxx.o] Error 1
make[1]: Leaving directory '/home/ubuntu/src/caffe2/build/CMakeFiles/CMakeTmp'
make: *** [Makefile:126: cmTC_96370/fast] Error 2

Source file was:
int main() { return 0; }
Performing C++ SOURCE FILE Test HAVE_CXX_FLAG_WD654 failed with the following output:
Change Dir: /home/ubuntu/src/caffe2/build/CMakeFiles/CMakeTmp

Run Build Command:"/home/ubuntu/anaconda3/envs/caffe2_p27/bin/make" "cmTC_757f1/fast"
/home/ubuntu/anaconda3/envs/caffe2_p27/bin/make -f CMakeFiles/cmTC_757f1.dir/build.make CMakeFiles/cmTC_757f1.dir/build
make[1]: Entering directory '/home/ubuntu/src/caffe2/build/CMakeFiles/CMakeTmp'
Building CXX object CMakeFiles/cmTC_757f1.dir/src.cxx.o
/home/ubuntu/anaconda3/envs/caffe2_p27/bin/c++    -std=c++11  -Wall  -Wextra  -Wshadow  -pedantic  -pedantic-errors  -Wfloat-equal  -fstrict-aliasing  -Wzero-as-null-pointer-constant  -Wstrict-aliasing -DHAVE_CXX_FLAG_WD654  -wd654   -wd654 -o CMakeFiles/cmTC_757f1.dir/src.cxx.o -c /home/ubuntu/src/caffe2/build/CMakeFiles/CMakeTmp/src.cxx
c++: error: unrecognized command line option '-wd654'
c++: error: unrecognized command line option '-wd654'
make[1]: *** [CMakeFiles/cmTC_757f1.dir/build.make:66: CMakeFiles/cmTC_757f1.dir/src.cxx.o] Error 1
make[1]: Leaving directory '/home/ubuntu/src/caffe2/build/CMakeFiles/CMakeTmp'
make: *** [Makefile:126: cmTC_757f1/fast] Error 2

Source file was:
int main() { return 0; }
Performing C++ SOURCE FILE Test HAVE_CXX_FLAG_WTHREAD_SAFETY failed with the following output:
Change Dir: /home/ubuntu/src/caffe2/build/CMakeFiles/CMakeTmp

Run Build Command:"/home/ubuntu/anaconda3/envs/caffe2_p27/bin/make" "cmTC_8b63d/fast"
/home/ubuntu/anaconda3/envs/caffe2_p27/bin/make -f CMakeFiles/cmTC_8b63d.dir/build.make CMakeFiles/cmTC_8b63d.dir/build
make[1]: Entering directory '/home/ubuntu/src/caffe2/build/CMakeFiles/CMakeTmp'
Building CXX object CMakeFiles/cmTC_8b63d.dir/src.cxx.o
/home/ubuntu/anaconda3/envs/caffe2_p27/bin/c++    -std=c++11  -Wall  -Wextra  -Wshadow  -pedantic  -pedantic-errors  -Wfloat-equal  -fstrict-aliasing  -Wzero-as-null-pointer-constant  -Wstrict-aliasing -DHAVE_CXX_FLAG_WTHREAD_SAFETY  -Wthread-safety   -Wthread-safety -o CMakeFiles/cmTC_8b63d.dir/src.cxx.o -c /home/ubuntu/src/caffe2/build/CMakeFiles/CMakeTmp/src.cxx
c++: error: unrecognized command line option '-Wthread-safety'
c++: error: unrecognized command line option '-Wthread-safety'
make[1]: *** [CMakeFiles/cmTC_8b63d.dir/build.make:66: CMakeFiles/cmTC_8b63d.dir/src.cxx.o] Error 1
make[1]: Leaving directory '/home/ubuntu/src/caffe2/build/CMakeFiles/CMakeTmp'
make: *** [Makefile:126: cmTC_8b63d/fast] Error 2

Source file was:
int main() { return 0; }
